{"timestamp":"2025-09-10T08:26:15.915Z","event":"mongodb_connected","uri":"mongodb+srv://rohitatcollgege22:Razram%4092@cluster0.gy9bc5w.mongodb.net/urlshortener"}
{"timestamp":"2025-09-10T08:26:15.929Z","event":"server_started","port":"5000"}
{"timestamp":"2025-09-10T08:35:02.019Z","event":"mongodb_connected","uri":"mongodb+srv://rohitatcollgege22:Razram%4092@cluster0.gy9bc5w.mongodb.net/urlshortener"}
{"timestamp":"2025-09-10T08:35:02.022Z","event":"server_started","port":"5000"}
{"timestamp":"2025-09-10T08:36:37.126Z","method":"GET","url":"/shorturls/abc123%0A","status":404,"responseTimeMs":40,"ip":"::1"}
{"timestamp":"2025-09-10T08:36:57.014Z","method":"GET","url":"/shorturls/abc123%0A","status":404,"responseTimeMs":29,"ip":"::1"}
{"timestamp":"2025-09-10T08:38:08.272Z","method":"POST","url":"/shorturls%0A","status":404,"responseTimeMs":1,"ip":"::1"}
{"timestamp":"2025-09-10T08:39:25.022Z","method":"POST","url":"/shorturls","status":201,"responseTimeMs":100,"ip":"::1"}
{"timestamp":"2025-09-10T08:40:33.157Z","method":"GET","url":"/XD3t3M","status":302,"responseTimeMs":72,"ip":"::1"}
{"timestamp":"2025-09-10T08:40:54.074Z","method":"GET","url":"/XD3t3M","status":302,"responseTimeMs":69,"ip":"::1"}
{"timestamp":"2025-09-10T08:41:15.210Z","method":"POST","url":"/shorturls","status":201,"responseTimeMs":63,"ip":"::1"}
{"timestamp":"2025-09-10T08:41:24.828Z","method":"POST","url":"/shorturls","status":201,"responseTimeMs":64,"ip":"::1"}
{"timestamp":"2025-09-10T08:41:30.396Z","method":"GET","url":"/ea1prP","status":302,"responseTimeMs":72,"ip":"::1"}
{"timestamp":"2025-09-10T08:41:50.658Z","method":"POST","url":"/shorturls","status":201,"responseTimeMs":63,"ip":"::1"}
{"timestamp":"2025-09-10T08:41:54.971Z","method":"GET","url":"/MKU-3B","status":302,"responseTimeMs":64,"ip":"::1"}
{"timestamp":"2025-09-10T08:43:20.187Z","method":"GET","url":"/MKU-3B","status":302,"responseTimeMs":66,"ip":"::1"}
{"timestamp":"2025-09-10T08:57:09.377Z","method":"POST","url":"/shorturls","status":201,"responseTimeMs":69,"ip":"::1"}
{"timestamp":"2025-09-10T08:57:14.525Z","method":"GET","url":"/RADNm_","status":302,"responseTimeMs":58,"ip":"::1"}
{"timestamp":"2025-09-10T08:57:45.502Z","event":"mongodb_connected","uri":"mongodb+srv://rohitatcollgege22:Razram%4092@cluster0.gy9bc5w.mongodb.net/urlshortener"}
{"timestamp":"2025-09-10T08:57:45.505Z","event":"server_started","port":"5000"}
{"timestamp":"2025-09-10T08:57:45.525Z","event":"mongodb_connected","uri":"mongodb+srv://rohitatcollgege22:Razram%4092@cluster0.gy9bc5w.mongodb.net/urlshortener"}
{"timestamp":"2025-09-10T08:57:45.528Z","event":"server_started","port":"5000"}
{"timestamp":"2025-09-10T08:57:53.479Z","event":"mongodb_connected","uri":"mongodb+srv://rohitatcollgege22:Razram%4092@cluster0.gy9bc5w.mongodb.net/urlshortener"}
{"timestamp":"2025-09-10T08:57:53.482Z","event":"server_started","port":"5000"}
{"timestamp":"2025-09-10T08:57:53.498Z","event":"mongodb_connected","uri":"mongodb+srv://rohitatcollgege22:Razram%4092@cluster0.gy9bc5w.mongodb.net/urlshortener"}
{"timestamp":"2025-09-10T08:57:53.502Z","event":"server_started","port":"5000"}
{"timestamp":"2025-09-10T08:57:57.558Z","event":"mongodb_connected","uri":"mongodb+srv://rohitatcollgege22:Razram%4092@cluster0.gy9bc5w.mongodb.net/urlshortener"}
{"timestamp":"2025-09-10T08:57:57.560Z","event":"server_started","port":"5000"}
{"timestamp":"2025-09-10T08:57:57.613Z","event":"mongodb_connected","uri":"mongodb+srv://rohitatcollgege22:Razram%4092@cluster0.gy9bc5w.mongodb.net/urlshortener"}
{"timestamp":"2025-09-10T08:57:57.617Z","event":"server_started","port":"5000"}
{"timestamp":"2025-09-10T08:58:03.723Z","event":"mongodb_connected","uri":"mongodb+srv://rohitatcollgege22:Razram%4092@cluster0.gy9bc5w.mongodb.net/urlshortener"}
{"timestamp":"2025-09-10T08:58:03.726Z","event":"server_started","port":"5000"}
{"timestamp":"2025-09-10T08:58:03.752Z","event":"mongodb_connected","uri":"mongodb+srv://rohitatcollgege22:Razram%4092@cluster0.gy9bc5w.mongodb.net/urlshortener"}
{"timestamp":"2025-09-10T08:58:03.755Z","event":"server_started","port":"5000"}
{"timestamp":"2025-09-10T08:58:14.541Z","event":"mongodb_connected","uri":"mongodb+srv://rohitatcollgege22:Razram%4092@cluster0.gy9bc5w.mongodb.net/urlshortener"}
{"timestamp":"2025-09-10T08:58:14.545Z","event":"server_started","port":"5000"}
{"timestamp":"2025-09-10T08:58:14.552Z","event":"mongodb_connected","uri":"mongodb+srv://rohitatcollgege22:Razram%4092@cluster0.gy9bc5w.mongodb.net/urlshortener"}
{"timestamp":"2025-09-10T08:58:14.556Z","event":"server_started","port":"5000"}
{"timestamp":"2025-09-10T08:58:19.369Z","event":"mongodb_connected","uri":"mongodb+srv://rohitatcollgege22:Razram%4092@cluster0.gy9bc5w.mongodb.net/urlshortener"}
{"timestamp":"2025-09-10T08:58:19.372Z","event":"server_started","port":"5000"}
{"timestamp":"2025-09-10T08:58:19.370Z","event":"mongodb_connected","uri":"mongodb+srv://rohitatcollgege22:Razram%4092@cluster0.gy9bc5w.mongodb.net/urlshortener"}
{"timestamp":"2025-09-10T08:58:19.374Z","event":"server_started","port":"5000"}
{"timestamp":"2025-09-10T08:58:28.558Z","event":"mongodb_connected","uri":"mongodb+srv://rohitatcollgege22:Razram%4092@cluster0.gy9bc5w.mongodb.net/urlshortener"}
{"timestamp":"2025-09-10T08:58:28.561Z","event":"server_started","port":"5000"}
{"timestamp":"2025-09-10T08:58:28.583Z","event":"mongodb_connected","uri":"mongodb+srv://rohitatcollgege22:Razram%4092@cluster0.gy9bc5w.mongodb.net/urlshortener"}
{"timestamp":"2025-09-10T08:58:28.586Z","event":"server_started","port":"5000"}
